# JRE version: OpenJDK Runtime Environment (11.0.13) (build 11.0.13+0-b1751.21-8125866)
# Java VM: OpenJDK 64-Bit Server VM (11.0.13+0-b1751.21-8125866, mixed mode, tiered, compressed oops, g1 gc, windows-amd64)
Heap:
 garbage-first heap   total 238592K, used 172105K [0x00000000a0000000, 0x0000000100000000)
  region size 1024K, 25 young (25600K), 3 survivors (3072K)
 Metaspace       used 94126K, capacity 96460K, committed 96560K, reserved 1132544K
  class space    used 11859K, capacity 12653K, committed 12672K, reserved 1048576K
GC Heap History (20 events):
Event: 14.372 GC heap before
{Heap before GC invocations=49 (full 0):
 garbage-first heap   total 164864K, used 154160K [0x00000000a0000000, 0x0000000100000000)
  region size 1024K, 8 young (8192K), 1 survivors (1024K)
 Metaspace       used 83372K, capacity 85547K, committed 85808K, reserved 1124352K
  class space    used 10529K, capacity 11263K, committed 11392K, reserved 1048576K
}
Event: 14.374 GC heap after
{Heap after GC invocations=50 (full 0):
 garbage-first heap   total 164864K, used 147273K [0x00000000a0000000, 0x0000000100000000)
  region size 1024K, 1 young (1024K), 1 survivors (1024K)
 Metaspace       used 83372K, capacity 85547K, committed 85808K, reserved 1124352K
  class space    used 10529K, capacity 11263K, committed 11392K, reserved 1048576K
}
Event: 14.395 GC heap before
{Heap before GC invocations=50 (full 0):
 garbage-first heap   total 164864K, used 154441K [0x00000000a0000000, 0x0000000100000000)
  region size 1024K, 8 young (8192K), 1 survivors (1024K)
 Metaspace       used 83499K, capacity 85707K, committed 86064K, reserved 1124352K
  class space    used 10549K, capacity 11295K, committed 11392K, reserved 1048576K
}
Event: 14.397 GC heap after
{Heap after GC invocations=51 (full 0):
 garbage-first heap   total 164864K, used 147221K [0x00000000a0000000, 0x0000000100000000)
  region size 1024K, 1 young (1024K), 1 survivors (1024K)
 Metaspace       used 83499K, capacity 85707K, committed 86064K, reserved 1124352K
  class space    used 10549K, capacity 11295K, committed 11392K, reserved 1048576K
}
Event: 14.426 GC heap before
{Heap before GC invocations=51 (full 0):
 garbage-first heap   total 164864K, used 154389K [0x00000000a0000000, 0x0000000100000000)
  region size 1024K, 8 young (8192K), 1 survivors (1024K)
 Metaspace       used 83713K, capacity 85931K, committed 86064K, reserved 1124352K
  class space    used 10573K, capacity 11327K, committed 11392K, reserved 1048576K
}
Event: 14.428 GC heap after
{Heap after GC invocations=52 (full 0):
 garbage-first heap   total 164864K, used 147289K [0x00000000a0000000, 0x0000000100000000)
  region size 1024K, 1 young (1024K), 1 survivors (1024K)
 Metaspace       used 83713K, capacity 85931K, committed 86064K, reserved 1124352K
  class space    used 10573K, capacity 11327K, committed 11392K, reserved 1048576K
}
Event: 14.662 GC heap before
{Heap before GC invocations=53 (full 0):
 garbage-first heap   total 164864K, used 154457K [0x00000000a0000000, 0x0000000100000000)
  region size 1024K, 8 young (8192K), 1 survivors (1024K)
 Metaspace       used 83911K, capacity 86123K, committed 86320K, reserved 1124352K
  class space    used 10593K, capacity 11327K, committed 11392K, reserved 1048576K
}
Event: 14.665 GC heap after
{Heap after GC invocations=54 (full 0):
 garbage-first heap   total 164864K, used 147318K [0x00000000a0000000, 0x0000000100000000)
  region size 1024K, 1 young (1024K), 1 survivors (1024K)
 Metaspace       used 83911K, capacity 86123K, committed 86320K, reserved 1124352K
  class space    used 10593K, capacity 11327K, committed 11392K, reserved 1048576K
}
Event: 14.690 GC heap before
{Heap before GC invocations=54 (full 0):
 garbage-first heap   total 164864K, used 153462K [0x00000000a0000000, 0x0000000100000000)
  region size 1024K, 8 young (8192K), 1 survivors (1024K)
 Metaspace       used 84149K, capacity 86379K, committed 86704K, reserved 1124352K
  class space    used 10629K, capacity 11391K, committed 11520K, reserved 1048576K
}
Event: 14.693 GC heap after
{Heap after GC invocations=55 (full 0):
 garbage-first heap   total 198656K, used 147396K [0x00000000a0000000, 0x0000000100000000)
  region size 1024K, 1 young (1024K), 1 survivors (1024K)
 Metaspace       used 84149K, capacity 86379K, committed 86704K, reserved 1124352K
  class space    used 10629K, capacity 11391K, committed 11520K, reserved 1048576K
}
Event: 14.890 GC heap before
{Heap before GC invocations=55 (full 0):
 garbage-first heap   total 198656K, used 164804K [0x00000000a0000000, 0x0000000100000000)
  region size 1024K, 18 young (18432K), 1 survivors (1024K)
 Metaspace       used 84563K, capacity 86736K, committed 86960K, reserved 1124352K
  class space    used 10690K, capacity 11440K, committed 11520K, reserved 1048576K
}
Event: 14.894 GC heap after
{Heap after GC invocations=56 (full 0):
 garbage-first heap   total 198656K, used 148036K [0x00000000a0000000, 0x0000000100000000)
  region size 1024K, 2 young (2048K), 2 survivors (2048K)
 Metaspace       used 84563K, capacity 86736K, committed 86960K, reserved 1124352K
  class space    used 10690K, capacity 11440K, committed 11520K, reserved 1048576K
}
Event: 15.177 GC heap before
{Heap before GC invocations=57 (full 0):
 garbage-first heap   total 198656K, used 165444K [0x00000000a0000000, 0x0000000100000000)
  region size 1024K, 19 young (19456K), 2 survivors (2048K)
 Metaspace       used 85419K, capacity 87651K, committed 87856K, reserved 1126400K
  class space    used 10811K, capacity 11573K, committed 11648K, reserved 1048576K
}
Event: 15.182 GC heap after
{Heap after GC invocations=58 (full 0):
 garbage-first heap   total 198656K, used 148929K [0x00000000a0000000, 0x0000000100000000)
  region size 1024K, 2 young (2048K), 2 survivors (2048K)
 Metaspace       used 85419K, capacity 87651K, committed 87856K, reserved 1126400K
  class space    used 10811K, capacity 11573K, committed 11648K, reserved 1048576K
}
Event: 15.288 GC heap before
{Heap before GC invocations=58 (full 0):
 garbage-first heap   total 198656K, used 167361K [0x00000000a0000000, 0x0000000100000000)
  region size 1024K, 20 young (20480K), 2 survivors (2048K)
 Metaspace       used 85905K, capacity 88163K, committed 88368K, reserved 1126400K
  class space    used 10868K, capacity 11637K, committed 11648K, reserved 1048576K
}
Event: 15.292 GC heap after
{Heap after GC invocations=59 (full 0):
 garbage-first heap   total 198656K, used 149037K [0x00000000a0000000, 0x0000000100000000)
  region size 1024K, 1 young (1024K), 1 survivors (1024K)
 Metaspace       used 85905K, capacity 88163K, committed 88368K, reserved 1126400K
  class space    used 10868K, capacity 11637K, committed 11648K, reserved 1048576K
}
Event: 15.404 GC heap before
{Heap before GC invocations=59 (full 0):
 garbage-first heap   total 198656K, used 168493K [0x00000000a0000000, 0x0000000100000000)
  region size 1024K, 20 young (20480K), 1 survivors (1024K)
 Metaspace       used 86822K, capacity 89129K, committed 89264K, reserved 1126400K
  class space    used 10990K, capacity 11766K, committed 11776K, reserved 1048576K
}
Event: 15.407 GC heap after
{Heap after GC invocations=60 (full 0):
 garbage-first heap   total 238592K, used 149096K [0x00000000a0000000, 0x0000000100000000)
  region size 1024K, 2 young (2048K), 2 survivors (2048K)
 Metaspace       used 86822K, capacity 89129K, committed 89264K, reserved 1126400K
  class space    used 10990K, capacity 11766K, committed 11776K, reserved 1048576K
}
Event: 16.141 GC heap before
{Heap before GC invocations=61 (full 0):
 garbage-first heap   total 238592K, used 183912K [0x00000000a0000000, 0x0000000100000000)
  region size 1024K, 36 young (36864K), 2 survivors (2048K)
 Metaspace       used 91715K, capacity 94015K, committed 94256K, reserved 1130496K
  class space    used 11578K, capacity 12335K, committed 12416K, reserved 1048576K
}
Event: 16.146 GC heap after
{Heap after GC invocations=62 (full 0):
 garbage-first heap   total 238592K, used 150601K [0x00000000a0000000, 0x0000000100000000)
  region size 1024K, 3 young (3072K), 3 survivors (3072K)
 Metaspace       used 91715K, capacity 94015K, committed 94256K, reserved 1130496K
  class space    used 11578K, capacity 12335K, committed 12416K, reserved 1048576K
}

