# JRE version: OpenJDK Runtime Environment (11.0.13) (build 11.0.13+0-b1751.21-8125866)
# Java VM: OpenJDK 64-Bit Server VM (11.0.13+0-b1751.21-8125866, mixed mode, tiered, compressed oops, g1 gc, windows-amd64)
Heap:
 garbage-first heap   total 225280K, used 153964K [0x00000000a0000000, 0x0000000100000000)
  region size 1024K, 10 young (10240K), 1 survivors (1024K)
 Metaspace       used 84282K, capacity 86516K, committed 86704K, reserved 1124352K
  class space    used 10649K, capacity 11394K, committed 11520K, reserved 1048576K
GC Heap History (20 events):
Event: 10.139 GC heap before
{Heap before GC invocations=29 (full 0):
 garbage-first heap   total 155648K, used 124059K [0x00000000a0000000, 0x0000000100000000)
  region size 1024K, 28 young (28672K), 4 survivors (4096K)
 Metaspace       used 64703K, capacity 66565K, committed 66864K, reserved 1107968K
  class space    used 8074K, capacity 8715K, committed 8832K, reserved 1048576K
}
Event: 10.147 GC heap after
{Heap after GC invocations=30 (full 0):
 garbage-first heap   total 155648K, used 100584K [0x00000000a0000000, 0x0000000100000000)
  region size 1024K, 3 young (3072K), 3 survivors (3072K)
 Metaspace       used 64703K, capacity 66565K, committed 66864K, reserved 1107968K
  class space    used 8074K, capacity 8715K, committed 8832K, reserved 1048576K
}
Event: 10.333 GC heap before
{Heap before GC invocations=30 (full 0):
 garbage-first heap   total 155648K, used 114920K [0x00000000a0000000, 0x0000000100000000)
  region size 1024K, 19 young (19456K), 3 survivors (3072K)
 Metaspace       used 66017K, capacity 67827K, committed 68016K, reserved 1107968K
  class space    used 8245K, capacity 8857K, committed 8960K, reserved 1048576K
}
Event: 10.338 GC heap after
{Heap after GC invocations=31 (full 0):
 garbage-first heap   total 155648K, used 101572K [0x00000000a0000000, 0x0000000100000000)
  region size 1024K, 4 young (4096K), 4 survivors (4096K)
 Metaspace       used 66017K, capacity 67827K, committed 68016K, reserved 1107968K
  class space    used 8245K, capacity 8857K, committed 8960K, reserved 1048576K
}
Event: 10.768 GC heap before
{Heap before GC invocations=32 (full 0):
 garbage-first heap   total 155648K, used 127172K [0x00000000a0000000, 0x0000000100000000)
  region size 1024K, 28 young (28672K), 4 survivors (4096K)
 Metaspace       used 68468K, capacity 70364K, committed 70576K, reserved 1110016K
  class space    used 8557K, capacity 9208K, committed 9216K, reserved 1048576K
}
Event: 10.773 GC heap after
{Heap after GC invocations=33 (full 0):
 garbage-first heap   total 155648K, used 102106K [0x00000000a0000000, 0x0000000100000000)
  region size 1024K, 2 young (2048K), 2 survivors (2048K)
 Metaspace       used 68468K, capacity 70364K, committed 70576K, reserved 1110016K
  class space    used 8557K, capacity 9208K, committed 9216K, reserved 1048576K
}
Event: 11.035 GC heap before
{Heap before GC invocations=33 (full 0):
 garbage-first heap   total 155648K, used 126682K [0x00000000a0000000, 0x0000000100000000)
  region size 1024K, 27 young (27648K), 2 survivors (2048K)
 Metaspace       used 69458K, capacity 71375K, committed 71472K, reserved 1112064K
  class space    used 8678K, capacity 9310K, committed 9344K, reserved 1048576K
}
Event: 11.044 GC heap after
{Heap after GC invocations=34 (full 0):
 garbage-first heap   total 187392K, used 104075K [0x00000000a0000000, 0x0000000100000000)
  region size 1024K, 4 young (4096K), 4 survivors (4096K)
 Metaspace       used 69458K, capacity 71375K, committed 71472K, reserved 1112064K
  class space    used 8678K, capacity 9310K, committed 9344K, reserved 1048576K
}
Event: 11.336 GC heap before
{Heap before GC invocations=35 (full 0):
 garbage-first heap   total 187392K, used 141963K [0x00000000a0000000, 0x0000000100000000)
  region size 1024K, 41 young (41984K), 4 survivors (4096K)
 Metaspace       used 69750K, capacity 71671K, committed 71728K, reserved 1112064K
  class space    used 8695K, capacity 9343K, committed 9344K, reserved 1048576K
}
Event: 11.344 GC heap after
{Heap after GC invocations=36 (full 0):
 garbage-first heap   total 187392K, used 106889K [0x00000000a0000000, 0x0000000100000000)
  region size 1024K, 6 young (6144K), 6 survivors (6144K)
 Metaspace       used 69750K, capacity 71671K, committed 71728K, reserved 1112064K
  class space    used 8695K, capacity 9343K, committed 9344K, reserved 1048576K
}
Event: 11.982 GC heap before
{Heap before GC invocations=36 (full 0):
 garbage-first heap   total 187392K, used 144777K [0x00000000a0000000, 0x0000000100000000)
  region size 1024K, 43 young (44032K), 6 survivors (6144K)
 Metaspace       used 74515K, capacity 76412K, committed 76720K, reserved 1116160K
  class space    used 9464K, capacity 10135K, committed 10240K, reserved 1048576K
}
Event: 11.994 GC heap after
{Heap after GC invocations=37 (full 0):
 garbage-first heap   total 187392K, used 109122K [0x00000000a0000000, 0x0000000100000000)
  region size 1024K, 5 young (5120K), 5 survivors (5120K)
 Metaspace       used 74515K, capacity 76412K, committed 76720K, reserved 1116160K
  class space    used 9464K, capacity 10135K, committed 10240K, reserved 1048576K
}
Event: 12.897 GC heap before
{Heap before GC invocations=38 (full 0):
 garbage-first heap   total 187392K, used 148034K [0x00000000a0000000, 0x0000000100000000)
  region size 1024K, 43 young (44032K), 5 survivors (5120K)
 Metaspace       used 79237K, capacity 81132K, committed 81456K, reserved 1120256K
  class space    used 10084K, capacity 10765K, committed 10880K, reserved 1048576K
}
Event: 12.907 GC heap after
{Heap after GC invocations=39 (full 0):
 garbage-first heap   total 187392K, used 111785K [0x00000000a0000000, 0x0000000100000000)
  region size 1024K, 5 young (5120K), 5 survivors (5120K)
 Metaspace       used 79237K, capacity 81132K, committed 81456K, reserved 1120256K
  class space    used 10084K, capacity 10765K, committed 10880K, reserved 1048576K
}
Event: 12.969 GC heap before
{Heap before GC invocations=39 (full 0):
 garbage-first heap   total 187392K, used 114857K [0x00000000a0000000, 0x0000000100000000)
  region size 1024K, 9 young (9216K), 5 survivors (5120K)
 Metaspace       used 79701K, capacity 81612K, committed 81712K, reserved 1120256K
  class space    used 10139K, capacity 10797K, committed 10880K, reserved 1048576K
}
Event: 12.978 GC heap after
{Heap after GC invocations=40 (full 0):
 garbage-first heap   total 225280K, used 112254K [0x00000000a0000000, 0x0000000100000000)
  region size 1024K, 3 young (3072K), 3 survivors (3072K)
 Metaspace       used 79701K, capacity 81612K, committed 81712K, reserved 1120256K
  class space    used 10139K, capacity 10797K, committed 10880K, reserved 1048576K
}
Event: 14.041 GC heap before
{Heap before GC invocations=41 (full 0):
 garbage-first heap   total 225280K, used 187006K [0x00000000a0000000, 0x0000000100000000)
  region size 1024K, 55 young (56320K), 3 survivors (3072K)
 Metaspace       used 82978K, capacity 85167K, committed 85168K, reserved 1124352K
  class space    used 10494K, capacity 11263K, committed 11264K, reserved 1048576K
}
Event: 14.050 GC heap after
{Heap after GC invocations=42 (full 0):
 garbage-first heap   total 225280K, used 144603K [0x00000000a0000000, 0x0000000100000000)
  region size 1024K, 7 young (7168K), 7 survivors (7168K)
 Metaspace       used 82978K, capacity 85167K, committed 85168K, reserved 1124352K
  class space    used 10494K, capacity 11263K, committed 11264K, reserved 1048576K
}
Event: 14.375 GC heap before
{Heap before GC invocations=42 (full 0):
 garbage-first heap   total 225280K, used 184539K [0x00000000a0000000, 0x0000000100000000)
  region size 1024K, 46 young (47104K), 7 survivors (7168K)
 Metaspace       used 84076K, capacity 86356K, committed 86576K, reserved 1124352K
  class space    used 10626K, capacity 11362K, committed 11392K, reserved 1048576K
}
Event: 14.388 GC heap after
{Heap after GC invocations=43 (full 0):
 garbage-first heap   total 225280K, used 145772K [0x00000000a0000000, 0x0000000100000000)
  region size 1024K, 1 young (1024K), 1 survivors (1024K)
 Metaspace       used 84076K, capacity 86356K, committed 86576K, reserved 1124352K
  class space    used 10626K, capacity 11362K, committed 11392K, reserved 1048576K
}

